<?xml version="1.0" encoding="UTF-8"?>
<testng-results skipped="0" failed="0" ignored="0" total="1" passed="1">
  <reporter-output>
  </reporter-output>
  <suite name="Default suite" duration-ms="67432" started-at="2022-08-02T07:32:02Z" finished-at="2022-08-02T07:33:10Z">
    <groups>
    </groups>
    <test name="Default test" duration-ms="67432" started-at="2022-08-02T07:32:02Z" finished-at="2022-08-02T07:33:10Z">
      <class name="FOITest.HandleSurgeries">
        <test-method status="PASS" signature="addNewSuregery()[pri:0, instance:FOITest.HandleSurgeries@27c20538]" name="addNewSuregery" duration-ms="67361" started-at="2022-08-02T07:32:02Z" finished-at="2022-08-02T07:33:10Z">
          <reporter-output>
          </reporter-output>
        </test-method> <!-- addNewSuregery -->
      </class> <!-- FOITest.HandleSurgeries -->
    </test> <!-- Default test -->
  </suite> <!-- Default suite -->
</testng-results>
